<?xml version="1.0" encoding="UTF-8"?>
<testsuite name="com.gorest.crudtests.UsersDataDrivenTest" time="5.904" tests="25" errors="0" skipped="0" failures="0">
  <properties>
    <property name="idea.version" value="2022.2.2"/>
    <property name="java.runtime.name" value="Java(TM) SE Runtime Environment"/>
    <property name="sun.boot.library.path" value="C:\Program Files\Java\jdk1.8.0_121\jre\bin"/>
    <property name="java.vm.version" value="25.121-b13"/>
    <property name="java.vm.vendor" value="Oracle Corporation"/>
    <property name="maven.multiModuleProjectDirectory" value="C:\Users\kaush\Dropbox\SoftwaretestingCourse\PrimeTestingSep22\PrimeTesting\WEEK-1906.012023\HomeWorkWk19\p4-wk19-gorest"/>
    <property name="java.vendor.url" value="http://java.oracle.com/"/>
    <property name="path.separator" value=";"/>
    <property name="guice.disable.misplaced.annotation.check" value="true"/>
    <property name="java.vm.name" value="Java HotSpot(TM) 64-Bit Server VM"/>
    <property name="file.encoding.pkg" value="sun.io"/>
    <property name="user.script" value=""/>
    <property name="user.country" value="GB"/>
    <property name="sun.java.launcher" value="SUN_STANDARD"/>
    <property name="sun.os.patch.level" value=""/>
    <property name="java.vm.specification.name" value="Java Virtual Machine Specification"/>
    <property name="user.dir" value="C:\Users\kaush\Dropbox\SoftwaretestingCourse\PrimeTestingSep22\PrimeTesting\WEEK-1906.012023\HomeWorkWk19\p4-wk19-gorest"/>
    <property name="java.runtime.version" value="1.8.0_121-b13"/>
    <property name="java.awt.graphicsenv" value="sun.awt.Win32GraphicsEnvironment"/>
    <property name="java.endorsed.dirs" value="C:\Program Files\Java\jdk1.8.0_121\jre\lib\endorsed"/>
    <property name="os.arch" value="amd64"/>
    <property name="java.io.tmpdir" value="C:\Users\kaush\AppData\Local\Temp\"/>
    <property name="line.separator" value="&#10;"/>
    <property name="java.vm.specification.vendor" value="Oracle Corporation"/>
    <property name="user.variant" value=""/>
    <property name="os.name" value="Windows 10"/>
    <property name="maven.ext.class.path" value="C:\Program Files\JetBrains\IntelliJ IDEA Community Edition 2022.2\plugins\maven\lib\maven-event-listener.jar"/>
    <property name="classworlds.conf" value="C:\Program Files\JetBrains\IntelliJ IDEA Community Edition 2022.2\plugins\maven\lib\maven3\bin\m2.conf"/>
    <property name="sun.jnu.encoding" value="Cp1252"/>
    <property name="java.library.path" value="C:\Program Files\Java\jdk1.8.0_121\bin;C:\WINDOWS\Sun\Java\bin;C:\WINDOWS\system32;C:\WINDOWS;C:\ProgramData\Oracle\Java\javapath;C:\WINDOWS\system32;C:\WINDOWS;C:\WINDOWS\System32\Wbem;C:\WINDOWS\System32\WindowsPowerShell\v1.0\;C:\WINDOWS\System32\OpenSSH\;C:\Program Files\Java\jdk1.8.0_121\bin;C:\Program Files\Java\jdk1.8.0_121\bin;C:\Program Files\Git\cmd;C:\Program Files\Apache\apache-maven-3.8.6\bin;C:\Program Files\nodejs\;C:\Users\kaush\AppData\Local\Microsoft\WindowsApps;C:\Users\kaush\AppData\Roaming\npm;."/>
    <property name="maven.conf" value="C:\Program Files\JetBrains\IntelliJ IDEA Community Edition 2022.2\plugins\maven\lib\maven3/conf"/>
    <property name="java.specification.name" value="Java Platform API Specification"/>
    <property name="java.class.version" value="52.0"/>
    <property name="sun.management.compiler" value="HotSpot 64-Bit Tiered Compilers"/>
    <property name="os.version" value="10.0"/>
    <property name="user.home" value="C:\Users\kaush"/>
    <property name="user.timezone" value="Europe/London"/>
    <property name="java.awt.printerjob" value="sun.awt.windows.WPrinterJob"/>
    <property name="java.specification.version" value="1.8"/>
    <property name="file.encoding" value="UTF-8"/>
    <property name="user.name" value="kaush"/>
    <property name="java.class.path" value="C:\Program Files\JetBrains\IntelliJ IDEA Community Edition 2022.2\plugins\maven\lib\maven3\boot\plexus-classworlds-2.6.0.jar;C:\Program Files\JetBrains\IntelliJ IDEA Community Edition 2022.2\plugins\maven\lib\maven3\boot\plexus-classworlds.license;C:\Program Files\JetBrains\IntelliJ IDEA Community Edition 2022.2\lib\idea_rt.jar"/>
    <property name="java.vm.specification.version" value="1.8"/>
    <property name="sun.arch.data.model" value="64"/>
    <property name="java.home" value="C:\Program Files\Java\jdk1.8.0_121\jre"/>
    <property name="sun.java.command" value="org.codehaus.classworlds.Launcher -Didea.version=2022.2.2 clean verify serenity:aggregate"/>
    <property name="java.specification.vendor" value="Oracle Corporation"/>
    <property name="user.language" value="en"/>
    <property name="awt.toolkit" value="sun.awt.windows.WToolkit"/>
    <property name="java.vm.info" value="mixed mode"/>
    <property name="java.version" value="1.8.0_121"/>
    <property name="java.ext.dirs" value="C:\Program Files\Java\jdk1.8.0_121\jre\lib\ext;C:\WINDOWS\Sun\Java\lib\ext"/>
    <property name="sun.boot.class.path" value="C:\Program Files\Java\jdk1.8.0_121\jre\lib\resources.jar;C:\Program Files\Java\jdk1.8.0_121\jre\lib\rt.jar;C:\Program Files\Java\jdk1.8.0_121\jre\lib\sunrsasign.jar;C:\Program Files\Java\jdk1.8.0_121\jre\lib\jsse.jar;C:\Program Files\Java\jdk1.8.0_121\jre\lib\jce.jar;C:\Program Files\Java\jdk1.8.0_121\jre\lib\charsets.jar;C:\Program Files\Java\jdk1.8.0_121\jre\lib\jfr.jar;C:\Program Files\Java\jdk1.8.0_121\jre\classes"/>
    <property name="java.vendor" value="Oracle Corporation"/>
    <property name="maven.home" value="C:\Program Files\JetBrains\IntelliJ IDEA Community Edition 2022.2\plugins\maven\lib\maven3"/>
    <property name="file.separator" value="\"/>
    <property name="java.vendor.url.bug" value="http://bugreport.sun.com/bugreport/"/>
    <property name="sun.cpu.endian" value="little"/>
    <property name="sun.io.unicode.encoding" value="UnicodeLittle"/>
    <property name="sun.desktop" value="windows"/>
    <property name="sun.cpu.isalist" value="amd64"/>
  </properties>
  <testcase name="createMultipleUsers[12]" classname="com.gorest.crudtests.UsersDataDrivenTest" time="0.858"/>
  <testcase name="createMultipleUsers[14]" classname="com.gorest.crudtests.UsersDataDrivenTest" time="0.033"/>
  <testcase name="createMultipleUsers[4]" classname="com.gorest.crudtests.UsersDataDrivenTest" time="0.081"/>
  <testcase name="createMultipleUsers[9]" classname="com.gorest.crudtests.UsersDataDrivenTest" time="0.104"/>
  <testcase name="createMultipleUsers[8]" classname="com.gorest.crudtests.UsersDataDrivenTest" time="0.004"/>
  <testcase name="createMultipleUsers[0]" classname="com.gorest.crudtests.UsersDataDrivenTest" time="0.088"/>
  <testcase name="createMultipleUsers[13]" classname="com.gorest.crudtests.UsersDataDrivenTest" time="0.023"/>
  <testcase name="createMultipleUsers[5]" classname="com.gorest.crudtests.UsersDataDrivenTest" time="0.157"/>
  <testcase name="createMultipleUsers[11]" classname="com.gorest.crudtests.UsersDataDrivenTest" time="0.119"/>
  <testcase name="createMultipleUsers[1]" classname="com.gorest.crudtests.UsersDataDrivenTest" time="0.021"/>
  <testcase name="createMultipleUsers[6]" classname="com.gorest.crudtests.UsersDataDrivenTest" time="0.025"/>
  <testcase name="createMultipleUsers[7]" classname="com.gorest.crudtests.UsersDataDrivenTest" time="0.027"/>
  <testcase name="createMultipleUsers[2]" classname="com.gorest.crudtests.UsersDataDrivenTest" time="0.028"/>
  <testcase name="createMultipleUsers[10]" classname="com.gorest.crudtests.UsersDataDrivenTest" time="0.029"/>
  <testcase name="createMultipleUsers[3]" classname="com.gorest.crudtests.UsersDataDrivenTest" time="0.033"/>
  <testcase name="createMultipleUsers[15]" classname="com.gorest.crudtests.UsersDataDrivenTest" time="0.034"/>
  <testcase name="createMultipleUsers[17]" classname="com.gorest.crudtests.UsersDataDrivenTest" time="0.035"/>
  <testcase name="createMultipleUsers[16]" classname="com.gorest.crudtests.UsersDataDrivenTest" time="0.204"/>
  <testcase name="createMultipleUsers[20]" classname="com.gorest.crudtests.UsersDataDrivenTest" time="0.215"/>
  <testcase name="createMultipleUsers[18]" classname="com.gorest.crudtests.UsersDataDrivenTest" time="0.351"/>
  <testcase name="createMultipleUsers[24]" classname="com.gorest.crudtests.UsersDataDrivenTest" time="0.421"/>
  <testcase name="createMultipleUsers[19]" classname="com.gorest.crudtests.UsersDataDrivenTest" time="0.649"/>
  <testcase name="createMultipleUsers[21]" classname="com.gorest.crudtests.UsersDataDrivenTest" time="0.698"/>
  <testcase name="createMultipleUsers[23]" classname="com.gorest.crudtests.UsersDataDrivenTest" time="0.826"/>
  <testcase name="createMultipleUsers[22]" classname="com.gorest.crudtests.UsersDataDrivenTest" time="0.841"/>
</testsuite>